<?xml version='1.0' encoding='UTF-8'?>
<testsuite hostname="localhost.localdomain" name="TwoferTest" tests="3" errors="0" failures="0" skipped="0" time="0.083" timestamp="2023-10-31T17:29:59">
          <properties>
      <property name="awt.toolkit" value="sun.awt.X11.XToolkit"/><property name="java.specification.version" value="11"/><property name="sun.cpu.isalist" value=""/><property name="sun.jnu.encoding" value="ANSI_X3.4-1968"/><property name="sun.arch.data.model" value="64"/><property name="java.vendor.url" value="https://openjdk.java.net/"/><property name="sun.boot.library.path" value="/usr/lib64/jvm/java-11-openjdk-11/lib"/><property name="sun.java.command" value="/home/hyde/.cache/coursier/arc/https/github.com/sbt/sbt/releases/download/v1.9.6/sbt-1.9.6.zip/sbt/bin/sbt-launch.jar test"/><property name="jdk.debug" value="release"/><property name="java.specification.vendor" value="Oracle Corporation"/><property name="java.version.date" value="2023-10-17"/><property name="java.home" value="/usr/lib64/jvm/java-11-openjdk-11"/><property name="file.separator" value="/"/><property name="java.vm.compressedOopsMode" value="32-bit"/><property name="line.separator" value="
"/><property name="java.specification.name" value="Java Platform API Specification"/><property name="java.vm.specification.vendor" value="Oracle Corporation"/><property name="sun.management.compiler" value="HotSpot 64-Bit Tiered Compilers"/><property name="java.runtime.version" value="11.0.21+0-suse-1.1-x8664"/><property name="user.name" value="hyde"/><property name="log4j.ignoreTCL" value="true"/><property name="file.encoding" value="UTF-8"/><property name="jnidispatch.path" value="/home/hyde/.cache/JNA/temp/jna10876439240911935509.tmp"/><property name="jna.loaded" value="true"/><property name="java.io.tmpdir" value="/tmp"/><property name="java.version" value="11.0.21"/><property name="java.vm.specification.name" value="Java Virtual Machine Specification"/><property name="java.awt.printerjob" value="sun.print.PSPrinterJob"/><property name="sun.os.patch.level" value="unknown"/><property name="java.library.path" value="/usr/java/packages/lib:/usr/lib64:/lib64:/lib:/usr/lib"/><property name="java.vendor" value="Oracle Corporation"/><property name="java.specification.maintenance.version" value="2"/><property name="scala.ext.dirs" value="/home/hyde/.sbt/1.0/java9-rt-ext-oracle_corporation_11_0_21"/><property name="sun.io.unicode.encoding" value="UnicodeLittle"/><property name="java.class.path" value="/home/hyde/.cache/coursier/arc/https/github.com/sbt/sbt/releases/download/v1.9.6/sbt-1.9.6.zip/sbt/bin/sbt-launch.jar"/><property name="java.vm.vendor" value="Oracle Corporation"/><property name="jline.shutdownhook" value="false"/><property name="user.timezone" value="Europe/Warsaw"/><property name="os.name" value="Linux"/><property name="java.vm.specification.version" value="11"/><property name="sun.java.launcher" value="SUN_STANDARD"/><property name="user.country" value="US"/><property name="sun.cpu.endian" value="little"/><property name="user.home" value="/home/hyde"/><property name="user.language" value="en"/><property name="sbt.script" value="/home/hyde/.cache/coursier/arc/https/github.com/sbt/sbt/releases/download/v1.9.6/sbt-1.9.6.zip/sbt/bin/sbt"/><property name="sbt.ipcsocket.tmpdir" value="/run/user/1000/.sbtd11e73b2/ipcsocket"/><property name="swoval.tmpdir" value="/run/user/1000/.sbtd11e73b2/swoval"/><property name="java.awt.graphicsenv" value="sun.awt.X11GraphicsEnvironment"/><property name="jline.esc.timeout" value="0"/><property name="path.separator" value=":"/><property name="os.version" value="6.5.6-1-default"/><property name="jna.nosys" value="true"/><property name="java.runtime.name" value="OpenJDK Runtime Environment"/><property name="java.vm.name" value="OpenJDK 64-Bit Server VM"/><property name="jna.platform.library.path" value="/usr/lib/x86_64-linux-gnu:/lib/x86_64-linux-gnu:/usr/lib64:/lib64:/usr/lib:/lib:/lib64/glibc-hwcaps/x86-64-v3"/><property name="java.vendor.url.bug" value="https://bugreport.java.com/bugreport/"/><property name="user.dir" value="/home/hyde/exercism/scala/two-fer"/><property name="os.arch" value="amd64"/><property name="java.vm.info" value="mixed mode"/><property name="java.vm.version" value="11.0.21+0-suse-1.1-x8664"/><property name="java.class.version" value="55.0"/>
    </properties>
          <testcase classname="TwoferTest" name="no name given" time="0.082">
                      
                    </testcase><testcase classname="TwoferTest" name="a name given" time="0.001">
                      
                    </testcase><testcase classname="TwoferTest" name="another name given" time="0.0">
                      
                    </testcase>
          <system-out><![CDATA[]]></system-out>
          <system-err><![CDATA[]]></system-err>
        </testsuite>